0 info it worked if it ends with ok
1 verbose cli [ '/usr/local/Cellar/node/5.9.1/bin/node',
1 verbose cli   '/usr/local/bin/npm',
1 verbose cli   'run',
1 verbose cli   'package' ]
2 info using npm@3.7.3
3 info using node@v5.9.1
4 verbose run-script [ 'prepackage', 'package', 'postpackage' ]
5 info lifecycle sampleapp@0.0.0~prepackage: sampleapp@0.0.0
6 silly lifecycle sampleapp@0.0.0~prepackage: no script for prepackage, continuing
7 info lifecycle sampleapp@0.0.0~package: sampleapp@0.0.0
8 verbose lifecycle sampleapp@0.0.0~package: unsafe-perm in lifecycle true
9 verbose lifecycle sampleapp@0.0.0~package: PATH: /usr/local/lib/node_modules/npm/bin/node-gyp-bin:/Users/fortunes/Projects/electron/node_modules/.bin:/usr/local/Cellar/node/5.9.1/bin:/usr/local/bin:/usr/bin:/bin:/usr/sbin:/sbin
10 verbose lifecycle sampleapp@0.0.0~package: CWD: /Users/fortunes/Projects/electron
11 silly lifecycle sampleapp@0.0.0~package: Args: [ '-c',
11 silly lifecycle   'gulp clean && gulp frontend && gulp electron && gulp package' ]
12 silly lifecycle sampleapp@0.0.0~package: Returned: code: 1  signal: null
13 info lifecycle sampleapp@0.0.0~package: Failed to exec package script
14 verbose stack Error: sampleapp@0.0.0 package: `gulp clean && gulp frontend && gulp electron && gulp package`
14 verbose stack Exit status 1
14 verbose stack     at EventEmitter.<anonymous> (/usr/local/lib/node_modules/npm/lib/utils/lifecycle.js:239:16)
14 verbose stack     at emitTwo (events.js:100:13)
14 verbose stack     at EventEmitter.emit (events.js:185:7)
14 verbose stack     at ChildProcess.<anonymous> (/usr/local/lib/node_modules/npm/lib/utils/spawn.js:24:14)
14 verbose stack     at emitTwo (events.js:100:13)
14 verbose stack     at ChildProcess.emit (events.js:185:7)
14 verbose stack     at maybeClose (internal/child_process.js:850:16)
14 verbose stack     at Process.ChildProcess._handle.onexit (internal/child_process.js:215:5)
15 verbose pkgid sampleapp@0.0.0
16 verbose cwd /Users/fortunes/Projects/electron
17 error Darwin 15.6.0
18 error argv "/usr/local/Cellar/node/5.9.1/bin/node" "/usr/local/bin/npm" "run" "package"
19 error node v5.9.1
20 error npm  v3.7.3
21 error code ELIFECYCLE
22 error sampleapp@0.0.0 package: `gulp clean && gulp frontend && gulp electron && gulp package`
22 error Exit status 1
23 error Failed at the sampleapp@0.0.0 package script 'gulp clean && gulp frontend && gulp electron && gulp package'.
23 error Make sure you have the latest version of node.js and npm installed.
23 error If you do, this is most likely a problem with the sampleapp package,
23 error not with npm itself.
23 error Tell the author that this fails on your system:
23 error     gulp clean && gulp frontend && gulp electron && gulp package
23 error You can get information on how to open an issue for this project with:
23 error     npm bugs sampleapp
23 error Or if that isn't available, you can get their info via:
23 error     npm owner ls sampleapp
23 error There is likely additional logging output above.
24 verbose exit [ 1, true ]
